<?xml version="1.0" encoding="UTF-8"?>
<!-- Generated by org.testng.reporters.JUnitReportReporter -->
<testsuite hostname="DESKTOP-GO4QAUM" failures="0" tests="3" name="com.org.pages.ClassA" time="72.398" errors="0" timestamp="06 Jan 2022 18:20:41 GMT" skipped="0">
  <testcase classname="com.org.pages.ClassA" name="startBrowser" time="13.098"/>
  <testcase classname="com.org.pages.ClassA" name="startBrowser" time="46.195"/>
  <testcase classname="com.org.pages.ClassA" name="startBrowser" time="13.105"/>
</testsuite> <!-- com.org.pages.ClassA -->
